[2018-07-30 20:13:58,997] multiqc                                            [DEBUG  ]  No MultiQC config found: /mnt/nexenta/lanno001/nobackup/poreTally_ecoli_20180730/envs/.snakemake/conda/1573a4dd/lib/python3.5/site-packages/multiqc_config.yaml
[2018-07-30 20:13:58,997] multiqc                                            [DEBUG  ]  No MultiQC config found: /home/lanno001/.multiqc_config.yaml
[2018-07-30 20:13:58,997] multiqc                                            [DEBUG  ]  No MultiQC config found: multiqc_config.yaml
[2018-07-30 20:13:58,998] multiqc                                            [DEBUG  ]  Command used: /mnt/nexenta/lanno001/nobackup/poreTally_ecoli_20180730/envs/.snakemake/conda/1573a4dd/bin/multiqc -i Assembler Benchmark report --filename REPORT -o . -f -p --tag assembler_benchmark --template assembler_benchmark /mnt/nexenta/lanno001/nobackup/poreTally_ecoli_20180730/analysis/summary/ --data-format yaml
[2018-07-30 20:13:59,277] multiqc                                            [DEBUG  ]  Latest MultiQC version is v1.5
[2018-07-30 20:13:59,277] multiqc                                            [INFO   ]  This is MultiQC v1.5.dev0
[2018-07-30 20:13:59,277] multiqc                                            [DEBUG  ]  Command     : /mnt/nexenta/lanno001/nobackup/poreTally_ecoli_20180730/envs/.snakemake/conda/1573a4dd/bin/multiqc -i Assembler Benchmark report --filename REPORT -o . -f -p --tag assembler_benchmark --template assembler_benchmark /mnt/nexenta/lanno001/nobackup/poreTally_ecoli_20180730/analysis/summary/ --data-format yaml
[2018-07-30 20:13:59,277] multiqc                                            [DEBUG  ]  Working dir : /mnt/nexenta/lanno001/nobackup/poreTally_ecoli_20180730/analysis/summary
[2018-07-30 20:13:59,277] multiqc                                            [INFO   ]  Template    : assembler_benchmark
[2018-07-30 20:13:59,277] multiqc                                            [INFO   ]  Report title: Assembler Benchmark report
[2018-07-30 20:13:59,277] multiqc                                            [INFO   ]  Searching '/mnt/nexenta/lanno001/nobackup/poreTally_ecoli_20180730/analysis/summary/'
[2018-07-30 20:13:59,278] multiqc                                            [INFO   ]  Only using modules with 'assembler_benchmark' tag
[2018-07-30 20:13:59,278] multiqc                                            [DEBUG  ]  Analysing modules: ab_methods_section, ab_read_quality, quast, jellyfish, mummerplot, ab_cpu_times, nucmer
[2018-07-30 20:13:59,279] multiqc                                            [DEBUG  ]  Using temporary directory for creating report: /tmp/tmp0z3niow_
[2018-07-30 20:13:59,431] multiqc                                            [DEBUG  ]  Ignored search patterns as didn't match running modules: hicexplorer, bbmap/gchist, picard/insertsize, verifybamid/selfsm, leehom, deeptools/plotFingerprintOutQualityMetrics, bbmap/indelhist, bbmap/lhist, picard/rnaseqmetrics, hisat2, homer/FreqDistribution, bbmap/covhist, sortmerna, bbmap/rpkm, gatk/base_recalibrator, bbmap/qahist, deeptools/bamPEFragmentSize, slamdunk/PCA, rseqc/read_gc, rsem, deeptools/estimateReadFiltering, sargasso, picard/basedistributionbycycle, slamdunk/utrrates, homer/tagInfo, bbmap/statsfile_machine, featurecounts, supernova/molecules, slamdunk/summary, biobloomtools, gatk/varianteval, picard/wgs_metrics, fastqc/zip, vcftools/tstv_summary, rseqc/junction_saturation, bismark/meth_extract, bowtie2, peddy/ped_check, skewer, slamdunk/rates, qualimap/bamqc/coverage, homer/GCcontent, goleft_indexcov/roc, bismark/dedup, rseqc/junction_annotation, qorts, flexbar, methylQA, qualimap/rnaseq/coverage, salmon/fld, picard/pcr_metrics, rna_seqc/coverage, bbmap/qhist, peddy/het_check, qualimap/bamqc/genome_results, theta2, rna_seqc/metrics, rseqc/read_distribution, deeptools/plotFingerprintOutRawCounts, bbmap/ehist, homer/RestrictionDistribution, vcftools/tstv_by_qual, interop/summary, bbmap/mhist, peddy/sex_check, samtools/rmdup, rseqc/bam_stat, deeptools/plotEnrichment, preseq, bismark/m_bias, clusterflow/logs, macs2, picard/gcbias, homer/LengthDistribution, picard/alignment_metrics, fastq_screen, bbmap/idhist, qualimap/bamqc/insert_size, fastqc/theoretical_gc, disambiguate, rseqc/gene_body_coverage, bbmap/bhist, busco, bbmap/bqhist, fastqc/data, bamtools/stats, afterqc, bbmap/statsfile, custom_content, slamdunk/tcperreadpos, vcftools/tstv_by_count, samblaster, qualimap/bamqc/gc_dist, star/genecounts, cutadapt, rna_seqc/correlation, prokka, rseqc/inner_distance, homer/findpeaks, deeptools/plotCoverageStdout, clusterflow/runfiles, bbmap/ihist, picard/markdups, slamdunk/tcperutrpos, homer/genomeGCcontent, bbmap/aqhist, kallisto, vcftools/relatedness2, interop/index-summary, snpeff, salmon/meta, star, goleft_indexcov/ped, htseq, bismark/bam2nuc, conpair/contamination, qualimap/bamqc/genome_fraction, picard/rrbs_metrics, picard/hsmetrics, hicup, supernova/report, peddy/summary_table, picard/oxogmetrics, adapterRemoval, qualimap/rnaseq/rnaseq_results, samtools/flagstat, conpair/concordance, bbmap/covstats, bbmap/bincov, trimmomatic, bcftools/stats, preseq/real_counts, rseqc/read_duplication_pos, supernova/kmers, deeptools/plotCoverageOutRawCounts, samtools/idxstats, tophat, rseqc/infer_experiment, bismark/align, bowtie1, supernova/summary, samtools/stats, bcl2fastq
[2018-07-30 20:13:59,778] multiqc.modules.ab_read_quality.ab_read_quality    [INFO   ]  found nanostats file
[2018-07-30 20:14:00,574] multiqc.modules.quast.quast                        [INFO   ]  Found 5 reports
[2018-07-30 20:14:02,368] multiqc.modules.jellyfish.jellyfish                [INFO   ]  Found 0 histogram files
[2018-07-30 20:14:02,369] multiqc.modules.jellyfish.jellyfish                [INFO   ]  Found 6 count (dump) files
[2018-07-30 20:14:04,972] multiqc.modules.mummerplot.mummerplot              [INFO   ]  found mummerplot images
[2018-07-30 20:14:05,972] multiqc.modules.ab_cpu_times.ab_cpu_times          [INFO   ]  found CPU resource files
[2018-07-30 20:14:05,996] multiqc                                            [DEBUG  ]  No samples found: nucmer
[2018-07-30 20:14:06,019] multiqc                                            [INFO   ]  Compressing plot data
[2018-07-30 20:14:07,649] multiqc                                            [INFO   ]  Report      : multiqc_report/REPORT.html
[2018-07-30 20:14:07,649] multiqc                                            [INFO   ]  Data        : multiqc_report/REPORT_data
[2018-07-30 20:14:07,651] multiqc                                            [DEBUG  ]  Moving data file from '/tmp/tmp0z3niow_/multiqc_data/ab_methods.yaml' to './multiqc_report/REPORT_data'
[2018-07-30 20:14:07,656] multiqc                                            [DEBUG  ]  Moving data file from '/tmp/tmp0z3niow_/multiqc_data/multiqc_data.json' to './multiqc_report/REPORT_data'
[2018-07-30 20:14:07,690] multiqc                                            [DEBUG  ]  Moving data file from '/tmp/tmp0z3niow_/multiqc_data/multiqc_general_stats.yaml' to './multiqc_report/REPORT_data'
[2018-07-30 20:14:07,694] multiqc                                            [DEBUG  ]  Moving data file from '/tmp/tmp0z3niow_/multiqc_data/cpu_usage.yaml' to './multiqc_report/REPORT_data'
[2018-07-30 20:14:07,698] multiqc                                            [DEBUG  ]  Moving data file from '/tmp/tmp0z3niow_/multiqc_data/mqc_quast_num_contigs_1.yaml' to './multiqc_report/REPORT_data'
[2018-07-30 20:14:07,703] multiqc                                            [DEBUG  ]  Moving data file from '/tmp/tmp0z3niow_/multiqc_data/multiqc_readqual_summary.yaml' to './multiqc_report/REPORT_data'
[2018-07-30 20:14:07,707] multiqc                                            [DEBUG  ]  Moving data file from '/tmp/tmp0z3niow_/multiqc_data/multiqc_sources.yaml' to './multiqc_report/REPORT_data'
[2018-07-30 20:14:07,711] multiqc                                            [DEBUG  ]  Moving data file from '/tmp/tmp0z3niow_/multiqc_data/multiqc_quast.yaml' to './multiqc_report/REPORT_data'
[2018-07-30 20:14:07,716] multiqc                                            [INFO   ]  Plots       : multiqc_report/multiqc_plots
[2018-07-30 20:14:07,716] multiqc                                            [DEBUG  ]  Moving plots directory from '/tmp/tmp0z3niow_/multiqc_plots/svg' to './multiqc_report/multiqc_plots'
[2018-07-30 20:14:07,728] multiqc                                            [DEBUG  ]  Moving plots directory from '/tmp/tmp0z3niow_/multiqc_plots/pdf' to './multiqc_report/multiqc_plots'
[2018-07-30 20:14:07,740] multiqc                                            [DEBUG  ]  Moving plots directory from '/tmp/tmp0z3niow_/multiqc_plots/png' to './multiqc_report/multiqc_plots'
[2018-07-30 20:14:08,035] multiqc                                            [INFO   ]  MultiQC complete
